<?xml version="1.0" encoding="UTF-8"?>
<testng-results ignored="0" total="1" passed="1" failed="0" skipped="0">
  <reporter-output>
  </reporter-output>
  <suite started-at="2022-08-04T18:33:19 IST" name="Surefire suite" finished-at="2022-08-04T18:34:58 IST" duration-ms="98537">
    <groups>
    </groups>
    <test started-at="2022-08-04T18:33:19 IST" name="Surefire test" finished-at="2022-08-04T18:34:58 IST" duration-ms="98537">
      <class name="demo.Test1">
        <test-method is-config="true" signature="setUp()[pri:0, instance:demo.Test1@14d3bc22]" started-at="2022-08-04T18:33:19 IST" name="setUp" finished-at="2022-08-04T18:34:34 IST" duration-ms="74695" status="PASS">
          <reporter-output>
          </reporter-output>
        </test-method> <!-- setUp -->
        <test-method signature="test1()[pri:0, instance:demo.Test1@14d3bc22]" started-at="2022-08-04T18:34:34 IST" name="test1" finished-at="2022-08-04T18:34:55 IST" duration-ms="20684" status="PASS">
          <reporter-output>
          </reporter-output>
        </test-method> <!-- test1 -->
        <test-method is-config="true" signature="tearDown()[pri:0, instance:demo.Test1@14d3bc22]" started-at="2022-08-04T18:34:55 IST" name="tearDown" finished-at="2022-08-04T18:34:58 IST" duration-ms="2913" status="PASS">
          <reporter-output>
          </reporter-output>
        </test-method> <!-- tearDown -->
      </class> <!-- demo.Test1 -->
    </test> <!-- Surefire test -->
  </suite> <!-- Surefire suite -->
</testng-results>
